<?xml version="1.0" encoding="UTF-8"?>
<testng-results ignored="0" total="1" passed="1" failed="0" skipped="0">
  <reporter-output>
  </reporter-output>
  <suite started-at="2022-07-24T18:41:49 IST" name="Default suite" finished-at="2022-07-24T18:41:57 IST" duration-ms="7915">
    <groups>
    </groups>
    <test started-at="2022-07-24T18:41:49 IST" name="Default test" finished-at="2022-07-24T18:41:57 IST" duration-ms="7915">
      <class name="com.qa.TestLayer.LoginPageTest">
        <test-method is-config="true" signature="setUp()[pri:0, instance:com.qa.TestLayer.LoginPageTest@6aba2b86]" started-at="2022-07-24T18:41:49 IST" name="setUp" finished-at="2022-07-24T18:41:56 IST" duration-ms="7096" status="PASS">
          <reporter-output>
          </reporter-output>
        </test-method> <!-- setUp -->
        <test-method signature="verifyLoginFunctionality()[pri:0, instance:com.qa.TestLayer.LoginPageTest@6aba2b86]" started-at="2022-07-24T18:41:56 IST" name="verifyLoginFunctionality" finished-at="2022-07-24T18:41:57 IST" duration-ms="756" status="PASS">
          <reporter-output>
          </reporter-output>
        </test-method> <!-- verifyLoginFunctionality -->
        <test-method is-config="true" signature="tearDown()[pri:0, instance:com.qa.TestLayer.LoginPageTest@6aba2b86]" started-at="2022-07-24T18:41:57 IST" name="tearDown" finished-at="2022-07-24T18:41:57 IST" duration-ms="0" status="PASS">
          <reporter-output>
          </reporter-output>
        </test-method> <!-- tearDown -->
      </class> <!-- com.qa.TestLayer.LoginPageTest -->
    </test> <!-- Default test -->
  </suite> <!-- Default suite -->
</testng-results>
