<?xml version="1.0" encoding="UTF-8"?>
<testng-results ignored="0" total="1" passed="1" failed="0" skipped="0">
  <reporter-output>
  </reporter-output>
  <suite started-at="2022-07-18T17:06:22 IST" name="Default suite" finished-at="2022-07-18T17:06:32 IST" duration-ms="9972">
    <groups>
    </groups>
    <test started-at="2022-07-18T17:06:22 IST" name="Default test" finished-at="2022-07-18T17:06:32 IST" duration-ms="9972">
      <class name="com.qa.testBase.TestBase">
        <test-method signature="setUp()[pri:0, instance:com.qa.testBase.TestBase@1d9b7cce]" started-at="2022-07-18T17:06:22 IST" name="setUp" finished-at="2022-07-18T17:06:32 IST" duration-ms="9898" status="PASS">
          <reporter-output>
          </reporter-output>
        </test-method> <!-- setUp -->
      </class> <!-- com.qa.testBase.TestBase -->
    </test> <!-- Default test -->
  </suite> <!-- Default suite -->
</testng-results>
